Using pre-set license
Built from '2020.3/staging' branch; Version is '2020.3.13f1 (71691879b7f5) revision 7432472'; Using compiler version '192528614'; Build Type 'Release'
OS: 'Windows 10 Pro; OS build 19043.1415; Version 2009; 64bit' Language: 'zh' Physical Memory: 16315 MB
BatchMode: 1, IsHumanControllingUs: 0, StartBugReporterOnCrash: 0, Is64bit: 1, IsPro: 0

 COMMAND LINE ARGUMENTS:
D:\3D\Unity Hub\Unity\Hub\Editor\2020.3.13f1\Editor\Unity.exe
-adb2
-batchMode
-noUpm
-name
AssetImportWorker0
-projectPath
D:/unity/20211219/Unity_HC_TC_3D_DoomDoomWitch_20211219/3D_DoomDoomWitch_20211219
-logFile
Logs/AssetImportWorker0.log
-srvPort
51102
Successfully changed project path to: D:/unity/20211219/Unity_HC_TC_3D_DoomDoomWitch_20211219/3D_DoomDoomWitch_20211219
D:/unity/20211219/Unity_HC_TC_3D_DoomDoomWitch_20211219/3D_DoomDoomWitch_20211219
Using Asset Import Pipeline V2.
Refreshing native plugins compatible for Editor in 24.42 ms, found 2 plugins.
Preloading 0 native plugins for Editor in 0.00 ms.
Initialize engine version: 2020.3.13f1 (71691879b7f5)
[Subsystems] Discovering subsystems at path D:/3D/Unity Hub/Unity/Hub/Editor/2020.3.13f1/Editor/Data/Resources/UnitySubsystems
[Subsystems] Discovering subsystems at path D:/unity/20211219/Unity_HC_TC_3D_DoomDoomWitch_20211219/3D_DoomDoomWitch_20211219/Assets
GfxDevice: creating device client; threaded=0
Direct3D:
    Version:  Direct3D 11.0 [level 11.1]
    Renderer: NVIDIA GeForce RTX 2060 (ID=0x1e89)
    Vendor:   
    VRAM:     5974 MB
    Driver:   30.0.14.7212
Initialize mono
Mono path[0] = 'D:/3D/Unity Hub/Unity/Hub/Editor/2020.3.13f1/Editor/Data/Managed'
Mono path[1] = 'D:/3D/Unity Hub/Unity/Hub/Editor/2020.3.13f1/Editor/Data/MonoBleedingEdge/lib/mono/unityjit'
Mono config path = 'D:/3D/Unity Hub/Unity/Hub/Editor/2020.3.13f1/Editor/Data/MonoBleedingEdge/etc'
Using monoOptions --debugger-agent=transport=dt_socket,embedding=1,server=y,suspend=n,address=127.0.0.1:56168
Begin MonoManager ReloadAssembly
Registering precompiled unity dll's ...
Register platform support module: D:/3D/Unity Hub/Unity/Hub/Editor/2020.3.13f1/Editor/Data/PlaybackEngines/WebGLSupport/UnityEditor.WebGL.Extensions.dll
Register platform support module: D:/3D/Unity Hub/Unity/Hub/Editor/2020.3.13f1/Editor/Data/PlaybackEngines/WindowsStandaloneSupport/UnityEditor.WindowsStandalone.Extensions.dll
Register platform support module: D:/3D/Unity Hub/Unity/Hub/Editor/2020.3.13f1/Editor/Data/PlaybackEngines/LinuxStandaloneSupport/UnityEditor.LinuxStandalone.Extensions.dll
Register platform support module: D:/3D/Unity Hub/Unity/Hub/Editor/2020.3.13f1/Editor/Data/PlaybackEngines/LuminSupport/UnityEditor.Lumin.Extensions.dll
Registered in 0.003427 seconds.
Native extension for Lumin target not found
Native extension for LinuxStandalone target not found
Native extension for WindowsStandalone target not found
Native extension for WebGL target not found
Refreshing native plugins compatible for Editor in 24.45 ms, found 2 plugins.
Preloading 0 native plugins for Editor in 0.00 ms.
Mono: successfully reloaded assembly
- Completed reload, in  1.211 seconds
Platform modules already initialized, skipping
Registering precompiled user dll's ...
Registered in 0.003482 seconds.
Begin MonoManager ReloadAssembly
Native extension for Lumin target not found
Native extension for LinuxStandalone target not found
Native extension for WindowsStandalone target not found
Native extension for WebGL target not found
Refreshing native plugins compatible for Editor in 0.32 ms, found 2 plugins.
Preloading 0 native plugins for Editor in 0.00 ms.
Mono: successfully reloaded assembly
- Completed reload, in  0.858 seconds
Platform modules already initialized, skipping
========================================================================
Worker process is ready to serve import requests
Launched and connected shader compiler UnityShaderCompiler.exe after 0.05 seconds
Refreshing native plugins compatible for Editor in 0.54 ms, found 2 plugins.
Preloading 0 native plugins for Editor in 0.00 ms.
Unloading 1390 Unused Serialized files (Serialized files now loaded: 0)
System memory in use before: 67.7 MB.
System memory in use after: 67.7 MB.

Unloading 19 unused Assets to reduce memory usage. Loaded Objects now: 1823.
Total: 2.013600 ms (FindLiveObjects: 0.161800 ms CreateObjectMapping: 0.032100 ms MarkObjects: 1.727000 ms  DeleteObjects: 0.091400 ms)

AssetImportParameters requested are different than current active one (requested -> active):
  custom:framework-win-MediaFoundation: 216162199b28c13a410421893ffa2e32 -> 
  custom:video-decoder-ogg-theora: a1e56fd34408186e4bbccfd4996cb3dc -> 
  custom:container-muxer-webm: aa71ff27fc2769a1b78a27578f13a17b -> 
  custom:container-demuxer-webm: 4f35f7cbe854078d1ac9338744f61a02 -> 
  custom:container-demuxer-ogg: 62fdf1f143b41e24485cea50d1cbac27 -> 
  custom:video-encoder-webm-vp8: eb34c28f22e8b96e1ab97ce403110664 -> 
  custom:video-decoder-webm-vp8: 9c59270c3fd7afecdb556c50c9e8de78 -> 
  custom:audio-decoder-ogg-vorbis: bf7c407c2cedff20999df2af8eb42d56 -> 
  custom:audio-encoder-webm-vorbis: bf7c407c2cedff20999df2af8eb42d56 -> 
========================================================================
Received Import Request.
  path: Assets/Pre
  artifactKey: Guid(ad9a960dc784cee4f9d6bbc737857c12) Importer(815301076,1909f56bfc062723c751e8b465ee728b)
Start importing Assets/Pre using Guid(ad9a960dc784cee4f9d6bbc737857c12) Importer(815301076,1909f56bfc062723c751e8b465ee728b)  -> (artifact id: '0aa5b173d44878aa618a6bca7d7bcf09') in 0.005537 seconds 
  Import took 0.007739 seconds .

========================================================================
Received Import Request.
  Time since last request: 5.426824 seconds.
  path: Assets/Prefabs
  artifactKey: Guid(ad9a960dc784cee4f9d6bbc737857c12) Importer(815301076,1909f56bfc062723c751e8b465ee728b)
Start importing Assets/Prefabs using Guid(ad9a960dc784cee4f9d6bbc737857c12) Importer(815301076,1909f56bfc062723c751e8b465ee728b)  -> (artifact id: '26f3ceb7dc2a075d10e622e619ad67f2') in 0.002507 seconds 
  Import took 0.004344 seconds .

========================================================================
Received Import Request.
  Time since last request: 18.437064 seconds.
  path: Assets/Prefabs/地板.prefab
  artifactKey: Guid(38b3c89e5a54a1942806421641963576) Importer(815301076,1909f56bfc062723c751e8b465ee728b)
Start importing Assets/Prefabs/地板.prefab using Guid(38b3c89e5a54a1942806421641963576) Importer(815301076,1909f56bfc062723c751e8b465ee728b)  -> (artifact id: 'eab1dac11c93fcf61f2636cdfbf0139e') in 0.081579 seconds 
  Import took 0.083800 seconds .

========================================================================
Received Import Request.
  Time since last request: 1399.232773 seconds.
  path: Assets/Prefabs/地板.prefab
  artifactKey: Guid(38b3c89e5a54a1942806421641963576) Importer(815301076,1909f56bfc062723c751e8b465ee728b)
Start importing Assets/Prefabs/地板.prefab using Guid(38b3c89e5a54a1942806421641963576) Importer(815301076,1909f56bfc062723c751e8b465ee728b)  -> (artifact id: 'b7b6aab599077f6f88feed8dfdec824c') in 0.016247 seconds 
  Import took 0.018438 seconds .

========================================================================
Received Import Request.
  Time since last request: 125.758700 seconds.
  path: Assets/Prefabs/牆壁.prefab
  artifactKey: Guid(91aa2c90830e5944ca4564dcd50c2d80) Importer(815301076,1909f56bfc062723c751e8b465ee728b)
Start importing Assets/Prefabs/牆壁.prefab using Guid(91aa2c90830e5944ca4564dcd50c2d80) Importer(815301076,1909f56bfc062723c751e8b465ee728b)  -> (artifact id: '29d0f7af4e6b68eed2b0ccf6c6e4b222') in 0.009607 seconds 
  Import took 0.011846 seconds .

========================================================================
Received Import Request.
  Time since last request: 0.002962 seconds.
  path: Assets/Prefabs/牆壁.prefab
  artifactKey: Guid(91aa2c90830e5944ca4564dcd50c2d80) Importer(815301076,1909f56bfc062723c751e8b465ee728b)
Start importing Assets/Prefabs/牆壁.prefab using Guid(91aa2c90830e5944ca4564dcd50c2d80) Importer(815301076,1909f56bfc062723c751e8b465ee728b)  -> (artifact id: '29d0f7af4e6b68eed2b0ccf6c6e4b222') in 0.015077 seconds 
  Import took 0.017046 seconds .

========================================================================
Received Import Request.
  Time since last request: 847.102167 seconds.
  path: Assets/Prefabs/柱子.prefab
  artifactKey: Guid(de4931a58871ca741b97c201f4c2ac17) Importer(815301076,1909f56bfc062723c751e8b465ee728b)
Start importing Assets/Prefabs/柱子.prefab using Guid(de4931a58871ca741b97c201f4c2ac17) Importer(815301076,1909f56bfc062723c751e8b465ee728b)  -> (artifact id: '46f85193f42747544988ac179394c253') in 0.009516 seconds 
  Import took 0.011713 seconds .

========================================================================
Received Import Request.
  Time since last request: 0.002835 seconds.
  path: Assets/Prefabs/柱子.prefab
  artifactKey: Guid(de4931a58871ca741b97c201f4c2ac17) Importer(815301076,1909f56bfc062723c751e8b465ee728b)
Start importing Assets/Prefabs/柱子.prefab using Guid(de4931a58871ca741b97c201f4c2ac17) Importer(815301076,1909f56bfc062723c751e8b465ee728b)  -> (artifact id: '46f85193f42747544988ac179394c253') in 0.009127 seconds 
  Import took 0.011096 seconds .

========================================================================
Received Import Request.
  Time since last request: 819.569892 seconds.
  path: Assets/New Material.mat
  artifactKey: Guid(ef8a352c13ba16946ac27260837e5010) Importer(815301076,1909f56bfc062723c751e8b465ee728b)
Start importing Assets/New Material.mat using Guid(ef8a352c13ba16946ac27260837e5010) Importer(815301076,1909f56bfc062723c751e8b465ee728b)  -> (artifact id: '9b8ef341cb8733a1c6a2025d834a52c1') in 0.033357 seconds 
  Import took 0.035694 seconds .

========================================================================
Received Import Request.
  Time since last request: 9.379935 seconds.
  path: Assets/素材
  artifactKey: Guid(c9ae75f2889966341ba7be078962a55e) Importer(815301076,1909f56bfc062723c751e8b465ee728b)
Start importing Assets/素材 using Guid(c9ae75f2889966341ba7be078962a55e) Importer(815301076,1909f56bfc062723c751e8b465ee728b)  -> (artifact id: '6d6d90009be03e4747f0d5d515687e32') in 0.003257 seconds 
  Import took 0.005299 seconds .

========================================================================
Received Import Request.
  Time since last request: 11.060084 seconds.
  path: Assets/素材/天畫板.mat
  artifactKey: Guid(8caa1efbf58c837489b6e826d1360476) Importer(815301076,1909f56bfc062723c751e8b465ee728b)
Start importing Assets/素材/天畫板.mat using Guid(8caa1efbf58c837489b6e826d1360476) Importer(815301076,1909f56bfc062723c751e8b465ee728b)  -> (artifact id: '17bd6131817fb4c68fa002dea5481098') in 0.007825 seconds 
  Import took 0.010173 seconds .

========================================================================
Received Import Request.
  Time since last request: 8.271319 seconds.
  path: Assets/素材/天花板.mat
  artifactKey: Guid(8caa1efbf58c837489b6e826d1360476) Importer(815301076,1909f56bfc062723c751e8b465ee728b)
Start importing Assets/素材/天花板.mat using Guid(8caa1efbf58c837489b6e826d1360476) Importer(815301076,1909f56bfc062723c751e8b465ee728b)  -> (artifact id: 'b278f43e73be088ef6a7ad6543f78365') in 0.013021 seconds 
  Import took 0.015387 seconds .

========================================================================
Received Import Request.
  Time since last request: 968.796283 seconds.
  path: Assets/Prefabs/箱子.prefab
  artifactKey: Guid(ddc1abd4421e368408bc9a32ca1bc82d) Importer(815301076,1909f56bfc062723c751e8b465ee728b)
Start importing Assets/Prefabs/箱子.prefab using Guid(ddc1abd4421e368408bc9a32ca1bc82d) Importer(815301076,1909f56bfc062723c751e8b465ee728b)  -> (artifact id: '46b350391aa7f14ff6ab7718ff280985') in 0.009697 seconds 
  Import took 0.012071 seconds .

========================================================================
Received Import Request.
  Time since last request: 0.002764 seconds.
  path: Assets/Prefabs/箱子.prefab
  artifactKey: Guid(ddc1abd4421e368408bc9a32ca1bc82d) Importer(815301076,1909f56bfc062723c751e8b465ee728b)
Start importing Assets/Prefabs/箱子.prefab using Guid(ddc1abd4421e368408bc9a32ca1bc82d) Importer(815301076,1909f56bfc062723c751e8b465ee728b)  -> (artifact id: '46b350391aa7f14ff6ab7718ff280985') in 0.014103 seconds 
  Import took 0.015973 seconds .

========================================================================
Received Import Request.
  Time since last request: 635.701418 seconds.
  path: Assets/Prefabs/Mud_04.prefab
  artifactKey: Guid(9eb59deab49dbe941aec701a22320f1c) Importer(815301076,1909f56bfc062723c751e8b465ee728b)
Start importing Assets/Prefabs/Mud_04.prefab using Guid(9eb59deab49dbe941aec701a22320f1c) Importer(815301076,1909f56bfc062723c751e8b465ee728b)  -> (artifact id: 'f25a3c37a4dae39d007967980e3893c3') in 0.009537 seconds 
  Import took 0.011832 seconds .

========================================================================
Received Import Request.
  Time since last request: 0.004604 seconds.
  path: Assets/Prefabs/Mud_04.prefab
  artifactKey: Guid(9eb59deab49dbe941aec701a22320f1c) Importer(815301076,1909f56bfc062723c751e8b465ee728b)
Start importing Assets/Prefabs/Mud_04.prefab using Guid(9eb59deab49dbe941aec701a22320f1c) Importer(815301076,1909f56bfc062723c751e8b465ee728b)  -> (artifact id: 'f25a3c37a4dae39d007967980e3893c3') in 0.010007 seconds 
  Import took 0.011879 seconds .

========================================================================
Received Import Request.
  Time since last request: 13.654754 seconds.
  path: Assets/Prefabs/Mud_04.prefab
  artifactKey: Guid(9eb59deab49dbe941aec701a22320f1c) Importer(815301076,1909f56bfc062723c751e8b465ee728b)
Start importing Assets/Prefabs/Mud_04.prefab using Guid(9eb59deab49dbe941aec701a22320f1c) Importer(815301076,1909f56bfc062723c751e8b465ee728b)  -> (artifact id: 'e8b9da48fb41bc3c675e4b84cf253121') in 0.009891 seconds 
  Import took 0.012058 seconds .

========================================================================
Received Import Request.
  Time since last request: 0.004143 seconds.
  path: Assets/Prefabs/Mud_04.prefab
  artifactKey: Guid(9eb59deab49dbe941aec701a22320f1c) Importer(815301076,1909f56bfc062723c751e8b465ee728b)
Start importing Assets/Prefabs/Mud_04.prefab using Guid(9eb59deab49dbe941aec701a22320f1c) Importer(815301076,1909f56bfc062723c751e8b465ee728b)  -> (artifact id: 'e8b9da48fb41bc3c675e4b84cf253121') in 0.011461 seconds 
  Import took 0.013325 seconds .

========================================================================
Received Import Request.
  Time since last request: 108.277083 seconds.
  path: Assets/Prefabs/石頭.prefab
  artifactKey: Guid(2a838b0de530bde4fa1ea825c4fc9fac) Importer(815301076,1909f56bfc062723c751e8b465ee728b)
Start importing Assets/Prefabs/石頭.prefab using Guid(2a838b0de530bde4fa1ea825c4fc9fac) Importer(815301076,1909f56bfc062723c751e8b465ee728b)  -> (artifact id: '573c53918652427fe9d77a0dcb8433c5') in 0.009797 seconds 
  Import took 0.012088 seconds .

========================================================================
Received Import Request.
  Time since last request: 0.004290 seconds.
  path: Assets/Prefabs/石頭.prefab
  artifactKey: Guid(2a838b0de530bde4fa1ea825c4fc9fac) Importer(815301076,1909f56bfc062723c751e8b465ee728b)
Start importing Assets/Prefabs/石頭.prefab using Guid(2a838b0de530bde4fa1ea825c4fc9fac) Importer(815301076,1909f56bfc062723c751e8b465ee728b)  -> (artifact id: '573c53918652427fe9d77a0dcb8433c5') in 0.011697 seconds 
  Import took 0.013715 seconds .

========================================================================
Received Import Request.
  Time since last request: 33.559827 seconds.
  path: Assets/Prefabs/大岩石.prefab
  artifactKey: Guid(1d02947cf90d131499f3cf3db3212ad9) Importer(815301076,1909f56bfc062723c751e8b465ee728b)
Start importing Assets/Prefabs/大岩石.prefab using Guid(1d02947cf90d131499f3cf3db3212ad9) Importer(815301076,1909f56bfc062723c751e8b465ee728b)  -> (artifact id: 'be90753791fd52798042ad7dafbfd605') in 0.009175 seconds 
  Import took 0.011455 seconds .

========================================================================
Received Import Request.
  Time since last request: 0.004960 seconds.
  path: Assets/Prefabs/大岩石.prefab
  artifactKey: Guid(1d02947cf90d131499f3cf3db3212ad9) Importer(815301076,1909f56bfc062723c751e8b465ee728b)
Start importing Assets/Prefabs/大岩石.prefab using Guid(1d02947cf90d131499f3cf3db3212ad9) Importer(815301076,1909f56bfc062723c751e8b465ee728b)  -> (artifact id: 'be90753791fd52798042ad7dafbfd605') in 0.009926 seconds 
  Import took 0.012123 seconds .

========================================================================
Received Import Request.
  Time since last request: 207.957997 seconds.
  path: Assets/素材/旗幟.mat
  artifactKey: Guid(0e418c09c12af254499bd8a7b8c6c328) Importer(815301076,1909f56bfc062723c751e8b465ee728b)
Start importing Assets/素材/旗幟.mat using Guid(0e418c09c12af254499bd8a7b8c6c328) Importer(815301076,1909f56bfc062723c751e8b465ee728b)  -> (artifact id: '9ea77b9c958fefe307a34314322c61ff') in 0.013476 seconds 
  Import took 0.015664 seconds .

========================================================================
Received Import Request.
  Time since last request: 41.641780 seconds.
  path: Assets/Prefabs/旗幟.prefab
  artifactKey: Guid(4f360c3c6a2f5474ab62cccb18d0a77a) Importer(815301076,1909f56bfc062723c751e8b465ee728b)
Start importing Assets/Prefabs/旗幟.prefab using Guid(4f360c3c6a2f5474ab62cccb18d0a77a) Importer(815301076,1909f56bfc062723c751e8b465ee728b)  -> (artifact id: '1a845896a97e2c099d3e733e52d80668') in 0.008669 seconds 
  Import took 0.010762 seconds .

========================================================================
Received Import Request.
  Time since last request: 0.005553 seconds.
  path: Assets/Prefabs/旗幟.prefab
  artifactKey: Guid(4f360c3c6a2f5474ab62cccb18d0a77a) Importer(815301076,1909f56bfc062723c751e8b465ee728b)
Start importing Assets/Prefabs/旗幟.prefab using Guid(4f360c3c6a2f5474ab62cccb18d0a77a) Importer(815301076,1909f56bfc062723c751e8b465ee728b)  -> (artifact id: '1a845896a97e2c099d3e733e52d80668') in 0.008214 seconds 
  Import took 0.010170 seconds .

========================================================================
Received Import Request.
  Time since last request: 228.144155 seconds.
  path: Assets/Scenes/SampleScene.unity
  artifactKey: Guid(9fc0d4010bbf28b4594072e72b8655ab) Importer(815301076,1909f56bfc062723c751e8b465ee728b)
Start importing Assets/Scenes/SampleScene.unity using Guid(9fc0d4010bbf28b4594072e72b8655ab) Importer(815301076,1909f56bfc062723c751e8b465ee728b)  -> (artifact id: '85059f4f9e1a832ed95adaa0d25c5c4c') in 0.002950 seconds 
  Import took 0.005073 seconds .

========================================================================
Received Import Request.
  Time since last request: 5.085732 seconds.
  path: Assets/素材/天花板.mat
  artifactKey: Guid(8caa1efbf58c837489b6e826d1360476) Importer(815301076,1909f56bfc062723c751e8b465ee728b)
Start importing Assets/素材/天花板.mat using Guid(8caa1efbf58c837489b6e826d1360476) Importer(815301076,1909f56bfc062723c751e8b465ee728b)  -> (artifact id: '3187b54d170f9374dbf2884c0cfc0d74') in 0.008210 seconds 
  Import took 0.010275 seconds .

========================================================================
Received Import Request.
  Time since last request: 0.000183 seconds.
  path: Assets/素材/旗幟.mat
  artifactKey: Guid(0e418c09c12af254499bd8a7b8c6c328) Importer(815301076,1909f56bfc062723c751e8b465ee728b)
Start importing Assets/素材/旗幟.mat using Guid(0e418c09c12af254499bd8a7b8c6c328) Importer(815301076,1909f56bfc062723c751e8b465ee728b)  -> (artifact id: '274e1415c87f2380ab1d0f271f64f588') in 0.008669 seconds 
  Import took 0.010452 seconds .

========================================================================
Received Import Request.
  Time since last request: 2.201311 seconds.
  path: Assets
  artifactKey: Guid(00000000000000001000000000000000) Importer(815301076,1909f56bfc062723c751e8b465ee728b)
Start importing Assets using Guid(00000000000000001000000000000000) Importer(815301076,1909f56bfc062723c751e8b465ee728b)  -> (artifact id: '42d402b061de3733987d63b9cc3b64de') in 0.002733 seconds 
  Import took 0.005015 seconds .

========================================================================
Received Import Request.
  Time since last request: 34.724906 seconds.
  path: Assets/Prefabs/火把.prefab
  artifactKey: Guid(926d9a9fd75cddd43864e20e29d5eb1d) Importer(815301076,1909f56bfc062723c751e8b465ee728b)
Start importing Assets/Prefabs/火把.prefab using Guid(926d9a9fd75cddd43864e20e29d5eb1d) Importer(815301076,1909f56bfc062723c751e8b465ee728b)  -> (artifact id: 'd3165b6d981378c5dc44386dfcd081ac') in 0.010868 seconds 
  Import took 0.013048 seconds .

========================================================================
Received Import Request.
  Time since last request: 0.005231 seconds.
  path: Assets/Prefabs/火把.prefab
  artifactKey: Guid(926d9a9fd75cddd43864e20e29d5eb1d) Importer(815301076,1909f56bfc062723c751e8b465ee728b)
Start importing Assets/Prefabs/火把.prefab using Guid(926d9a9fd75cddd43864e20e29d5eb1d) Importer(815301076,1909f56bfc062723c751e8b465ee728b)  -> (artifact id: 'd3165b6d981378c5dc44386dfcd081ac') in 0.009539 seconds 
  Import took 0.011582 seconds .

AssetImportWorkerClient::OnTransportError - code=2 error=End of file
